<?xml version="1.0" encoding="UTF-8"?>
<!-- Generated by org.testng.reporters.JUnitReportReporter -->
<testsuite skipped="0" hostname="BSL-BNG-L175" name="com.framework.baseclass.BaseClass" tests="1" failures="0" timestamp="29 Aug 2018 18:28:20 GMT" time="0.005" errors="0">
  <testcase name="method" time="0.005" classname="com.framework.baseclass.BaseClass"/>
</testsuite> <!-- com.framework.baseclass.BaseClass -->
