<?xml version="1.0" encoding="UTF-8"?>
<!-- Generated by org.testng.reporters.JUnitReportReporter -->
<testsuite skipped="0" hostname="BSL-BNG-L175" name="com.testscripts.Login" tests="1" failures="0" timestamp="17 Oct 2018 18:05:45 GMT" time="13.769" errors="0">
  <testcase name="login" time="13.769" classname="com.testscripts.Login"/>
</testsuite> <!-- com.testscripts.Login -->
