<?xml version="1.0" encoding="UTF-8"?>
<!-- Generated by org.testng.reporters.JUnitReportReporter -->
<testsuite skipped="0" hostname="BSL-BNG-L175" name="com.testscripts.Dvr" tests="1" failures="0" timestamp="31 Aug 2018 20:33:55 GMT" time="0.028" errors="0">
  <testcase name="sanityMethod2" time="0.028" classname="com.testscripts.Dvr"/>
</testsuite> <!-- com.testscripts.Dvr -->
